0 info it worked if it ends with ok
1 verbose cli [ 'node', '/usr/local/bin/npm', 'install', 'jade', '-g' ]
2 info using npm@2.7.4
3 info using node@v0.12.2
4 silly cache add args [ 'jade', null ]
5 verbose cache add spec jade
6 silly cache add parsed spec { raw: 'jade',
6 silly cache add   scope: null,
6 silly cache add   name: 'jade',
6 silly cache add   rawSpec: '',
6 silly cache add   spec: '*',
6 silly cache add   type: 'range' }
7 verbose addNamed jade@*
8 silly addNamed semver.valid null
9 silly addNamed semver.validRange *
10 silly addNameRange { name: 'jade', range: '*', hasData: false }
11 silly mapToRegistry name jade
12 silly mapToRegistry using default registry
13 silly mapToRegistry registry https://registry.npm.taobao.org/
14 silly mapToRegistry uri https://registry.npm.taobao.org/jade
15 verbose addNameRange registry:https://registry.npm.taobao.org/jade not in flight; fetching
16 verbose request uri https://registry.npm.taobao.org/jade
17 verbose request no auth needed
18 info attempt registry request try #1 at 16:32:52
19 verbose request id ba7d255d327331f9
20 verbose etag "1434087433000"
21 http request GET https://registry.npm.taobao.org/jade
22 http 200 https://registry.npm.taobao.org/jade
23 silly get cb [ 200,
23 silly get   { server: 'nginx/1.1.19',
23 silly get     date: 'Sun, 06 Sep 2015 08:32:50 GMT',
23 silly get     'content-type': 'application/json; charset=utf-8',
23 silly get     'transfer-encoding': 'chunked',
23 silly get     connection: 'keep-alive',
23 silly get     etag: '"2c8d7-M5Rk3pLK+FwtJ/5R+dASJQ"',
23 silly get     'x-readtime': '133',
23 silly get     'content-encoding': 'gzip' } ]
24 verbose get saving jade to /Users/waterwu/.npm/registry.npm.taobao.org/jade/.cache.json
25 silly addNameRange number 2 { name: 'jade', range: '*', hasData: true }
26 silly addNameRange versions [ 'jade',
26 silly addNameRange   [ '1.11.0',
26 silly addNameRange     '1.10.0',
26 silly addNameRange     '1.9.2',
26 silly addNameRange     '1.9.1',
26 silly addNameRange     '1.9.0',
26 silly addNameRange     '1.8.2',
26 silly addNameRange     '1.8.1',
26 silly addNameRange     '1.8.0',
26 silly addNameRange     '1.7.0',
26 silly addNameRange     '1.6.0',
26 silly addNameRange     '1.5.0',
26 silly addNameRange     '1.4.2',
26 silly addNameRange     '1.4.1',
26 silly addNameRange     '1.4.0',
26 silly addNameRange     '0.18.0',
26 silly addNameRange     '0.15.2',
26 silly addNameRange     '1.3.1',
26 silly addNameRange     '1.3.0',
26 silly addNameRange     '1.2.0',
26 silly addNameRange     '1.1.5',
26 silly addNameRange     '1.1.4',
26 silly addNameRange     '1.1.3',
26 silly addNameRange     '1.1.2',
26 silly addNameRange     '1.1.1',
26 silly addNameRange     '1.1.0',
26 silly addNameRange     '1.0.2',
26 silly addNameRange     '1.0.1',
26 silly addNameRange     '1.0.0',
26 silly addNameRange     '0.35.0',
26 silly addNameRange     '0.34.1',
26 silly addNameRange     '0.34.0',
26 silly addNameRange     '0.33.0',
26 silly addNameRange     '0.32.0',
26 silly addNameRange     '0.31.2',
26 silly addNameRange     '0.31.1',
26 silly addNameRange     '0.31.0',
26 silly addNameRange     '0.30.0',
26 silly addNameRange     '0.29.0',
26 silly addNameRange     '0.28.2',
26 silly addNameRange     '0.28.1',
26 silly addNameRange     '0.28.0',
26 silly addNameRange     '0.27.7',
26 silly addNameRange     '0.27.6',
26 silly addNameRange     '0.27.5',
26 silly addNameRange     '0.27.4',
26 silly addNameRange     '0.27.3',
26 silly addNameRange     '0.27.2',
26 silly addNameRange     '0.27.1',
26 silly addNameRange     '0.27.0',
26 silly addNameRange     '0.26.3',
26 silly addNameRange     '0.26.2',
26 silly addNameRange     '0.26.1',
26 silly addNameRange     '0.26.0',
26 silly addNameRange     '0.25.0',
26 silly addNameRange     '0.24.0',
26 silly addNameRange     '0.23.0',
26 silly addNameRange     '0.22.1',
26 silly addNameRange     '0.22.0',
26 silly addNameRange     '0.21.0',
26 silly addNameRange     '0.20.3',
26 silly addNameRange     '0.20.2',
26 silly addNameRange     '0.20.1',
26 silly addNameRange     '0.20.0',
26 silly addNameRange     '0.19.0',
26 silly addNameRange     '0.17.0',
26 silly addNameRange     '0.16.4',
26 silly addNameRange     '0.16.3',
26 silly addNameRange     '0.16.2',
26 silly addNameRange     '0.16.1',
26 silly addNameRange     '0.16.0',
26 silly addNameRange     '0.15.4',
26 silly addNameRange     '0.15.3',
26 silly addNameRange     '0.15.1',
26 silly addNameRange     '0.15.0',
26 silly addNameRange     '0.14.2',
26 silly addNameRange     '0.14.1',
26 silly addNameRange     '0.14.0',
26 silly addNameRange     '0.13.0',
26 silly addNameRange     '0.12.4',
26 silly addNameRange     '0.12.3',
26 silly addNameRange     '0.12.2',
26 silly addNameRange     '0.12.1',
26 silly addNameRange     '0.12.0',
26 silly addNameRange     '0.11.1',
26 silly addNameRange     '0.11.0',
26 silly addNameRange     '0.10.7',
26 silly addNameRange     '0.10.6',
26 silly addNameRange     '0.10.5',
26 silly addNameRange     '0.10.4',
26 silly addNameRange     '0.10.3',
26 silly addNameRange     '0.10.2',
26 silly addNameRange     '0.10.1',
26 silly addNameRange     '0.10.0',
26 silly addNameRange     '0.9.3',
26 silly addNameRange     '0.9.2',
26 silly addNameRange     '0.9.1',
26 silly addNameRange     '0.9.0',
26 silly addNameRange     '0.8.9',
26 silly addNameRange     '0.8.8',
26 silly addNameRange     '0.8.7',
26 silly addNameRange     '0.8.6',
26 silly addNameRange     '0.8.5',
26 silly addNameRange     '0.8.4',
26 silly addNameRange     '0.8.3',
26 silly addNameRange     '0.8.2',
26 silly addNameRange     '0.8.1',
26 silly addNameRange     '0.8.0',
26 silly addNameRange     '0.7.1',
26 silly addNameRange     '0.7.0',
26 silly addNameRange     '0.6.3',
26 silly addNameRange     '0.6.1',
26 silly addNameRange     '0.1.0',
26 silly addNameRange     '0.6.0',
26 silly addNameRange     '0.5.7',
26 silly addNameRange     '0.5.6',
26 silly addNameRange     '0.5.5',
26 silly addNameRange     '0.5.4',
26 silly addNameRange     '0.5.3',
26 silly addNameRange     '0.5.2',
26 silly addNameRange     '0.5.1',
26 silly addNameRange     '0.5.0',
26 silly addNameRange     '0.4.1',
26 silly addNameRange     '0.4.0',
26 silly addNameRange     '0.3.0',
26 silly addNameRange     '0.2.4',
26 silly addNameRange     '0.2.3',
26 silly addNameRange     '0.2.2',
26 silly addNameRange     '0.2.1',
26 silly addNameRange     '0.2.0',
26 silly addNameRange     '0.0.2',
26 silly addNameRange     '0.0.1' ] ]
27 verbose addNamed jade@1.11.0
28 silly addNamed semver.valid 1.11.0
29 silly addNamed semver.validRange 1.11.0
30 silly cache afterAdd jade@1.11.0
31 verbose afterAdd /Users/waterwu/.npm/jade/1.11.0/package/package.json not in flight; writing
32 verbose afterAdd /Users/waterwu/.npm/jade/1.11.0/package/package.json written
33 silly install resolved [ { name: 'jade',
33 silly install resolved     description: 'A clean, whitespace-sensitive template language for writing HTML',
33 silly install resolved     version: '1.11.0',
33 silly install resolved     author: { name: 'TJ Holowaychuk', email: 'tj@vision-media.ca' },
33 silly install resolved     maintainers: [ [Object], [Object], [Object], [Object] ],
33 silly install resolved     license: 'MIT',
33 silly install resolved     repository: { type: 'git', url: 'git://github.com/jadejs/jade.git' },
33 silly install resolved     main: 'lib',
33 silly install resolved     bin: { jade: './bin/jade.js' },
33 silly install resolved     dependencies:
33 silly install resolved      { 'character-parser': '1.2.1',
33 silly install resolved        'clean-css': '^3.1.9',
33 silly install resolved        commander: '~2.6.0',
33 silly install resolved        constantinople: '~3.0.1',
33 silly install resolved        jstransformer: '0.0.2',
33 silly install resolved        mkdirp: '~0.5.0',
33 silly install resolved        transformers: '2.1.0',
33 silly install resolved        'uglify-js': '^2.4.19',
33 silly install resolved        'void-elements': '~2.0.1',
33 silly install resolved        with: '~4.0.0' },
33 silly install resolved     devDependencies:
33 silly install resolved      { browserify: '*',
33 silly install resolved        'browserify-middleware': '~4.1.0',
33 silly install resolved        'code-mirror': '~3.22.0',
33 silly install resolved        'coffee-script': '*',
33 silly install resolved        coveralls: '^2.11.2',
33 silly install resolved        express: '~4.10.4',
33 silly install resolved        'github-basic': '^4.1.2',
33 silly install resolved        handle: '~1.0.0',
33 silly install resolved        'highlight-codemirror': '~4.1.0',
33 silly install resolved        inconsolata: '0.0.2',
33 silly install resolved        istanbul: '*',
33 silly install resolved        'jade-code-mirror': '~1.0.5',
33 silly install resolved        'jade-highlighter': '~1.0.5',
33 silly install resolved        'jstransformer-cdata': '0.0.3',
33 silly install resolved        'jstransformer-coffee-script': '0.0.2',
33 silly install resolved        'jstransformer-less': '^1.0.0',
33 silly install resolved        'jstransformer-marked': '0.0.1',
33 silly install resolved        'jstransformer-stylus': '0.0.1',
33 silly install resolved        'jstransformer-verbatim': '0.0.2',
33 silly install resolved        less: '<2.0.0',
33 silly install resolved        'less-file': '0.0.9',
33 silly install resolved        linify: '*',
33 silly install resolved        lsr: '^1.0.0',
33 silly install resolved        marked: '~0.3.3',
33 silly install resolved        mocha: '*',
33 silly install resolved        opener: '^1.3.0',
33 silly install resolved        'pull-request': '^3.0.0',
33 silly install resolved        rimraf: '^2.2.8',
33 silly install resolved        should: '*',
33 silly install resolved        stop: '^3.0.0-rc1',
33 silly install resolved        stylus: '*',
33 silly install resolved        twbs: '0.0.6',
33 silly install resolved        'uglify-js': '*' },
33 silly install resolved     component: { scripts: [Object] },
33 silly install resolved     scripts:
33 silly install resolved      { test: 'mocha -R spec',
33 silly install resolved        precoverage: 'rimraf coverage && rimraf cov-pt*',
33 silly install resolved        coverage: 'istanbul cover --report none --dir cov-pt0 node_modules/mocha/bin/_mocha -- -R dot',
33 silly install resolved        postcoverage: 'istanbul report --include cov-pt\\*/coverage.json && rimraf cov-pt*',
33 silly install resolved        coveralls: 'npm run coverage && cat ./coverage/lcov.info | coveralls',
33 silly install resolved        prepublish: 'npm prune && linify transform bin && npm run build',
33 silly install resolved        build: 'npm run compile',
33 silly install resolved        compile: 'npm run compile-full && npm run compile-runtime',
33 silly install resolved        'compile-full': 'browserify ./lib/index.js --standalone jade -x ./node_modules/transformers > jade.js',
33 silly install resolved        'compile-runtime': 'browserify ./lib/runtime.js --standalone jade > runtime.js' },
33 silly install resolved     browser: { fs: false, './lib/filters.js': './lib/filters-client.js' },
33 silly install resolved     homepage: 'http://jade-lang.com',
33 silly install resolved     gitHead: '31966399f86b15159f2ff47dff99fbf4c92fadd5',
33 silly install resolved     bugs: { url: 'https://github.com/jadejs/jade/issues' },
33 silly install resolved     _id: 'jade@1.11.0',
33 silly install resolved     _shasum: '9c80e538c12d3fb95c8d9bb9559fa0cc040405fd',
33 silly install resolved     _from: 'jade@*',
33 silly install resolved     _npmVersion: '2.11.0',
33 silly install resolved     _nodeVersion: '2.2.1',
33 silly install resolved     _npmUser: { name: 'alubbe', email: 'npm@lubbe.org' },
33 silly install resolved     dist:
33 silly install resolved      { shasum: '9c80e538c12d3fb95c8d9bb9559fa0cc040405fd',
33 silly install resolved        size: 122972,
33 silly install resolved        noattachment: false,
33 silly install resolved        tarball: 'http://registry.npm.taobao.org/jade/download/jade-1.11.0.tgz' },
33 silly install resolved     directories: {},
33 silly install resolved     publish_time: 1434085987515,
33 silly install resolved     _cnpm_publish_time: 1434085987515,
33 silly install resolved     _resolved: 'https://registry.npm.taobao.org/jade/download/jade-1.11.0.tgz',
33 silly install resolved     readme: 'ERROR: No README data found!' } ]
34 info install jade@1.11.0 into /usr/local/lib
35 info installOne jade@1.11.0
36 verbose installOne of jade to /usr/local/lib not in flight; installing
37 verbose lock using /Users/waterwu/.npm/_locks/jade-a5bf0277675e407f.lock for /usr/local/lib/node_modules/jade
38 silly install write writing jade 1.11.0 to /usr/local/lib/node_modules/jade
39 silly cache addNamed cb jade@1.11.0
40 verbose unbuild lib/node_modules/jade
41 silly gentlyRm /usr/local/lib/node_modules/jade is being purged from base /usr/local
42 verbose gentlyRm don't care about contents; nuking /usr/local/lib/node_modules/jade
43 verbose tar unpack /Users/waterwu/.npm/jade/1.11.0/package.tgz
44 verbose tar unpacking to /usr/local/lib/node_modules/jade
45 silly gentlyRm /usr/local/lib/node_modules/jade is being purged
46 verbose gentlyRm don't care about contents; nuking /usr/local/lib/node_modules/jade
47 silly gunzTarPerm modes [ '755', '644' ]
48 error tar.unpack untar error /Users/waterwu/.npm/jade/1.11.0/package.tgz
49 verbose unlock done using /Users/waterwu/.npm/_locks/jade-a5bf0277675e407f.lock for /usr/local/lib/node_modules/jade
50 verbose fstream_path /usr/local/lib/node_modules/jade
51 verbose fstream_type Directory
52 verbose fstream_class DirWriter
53 verbose stack Error: EACCES, mkdir '/usr/local/lib/node_modules/jade'
53 verbose stack     at Error (native)
54 verbose fstream_stack /usr/local/lib/node_modules/npm/node_modules/fstream/lib/dir-writer.js:36:23
54 verbose fstream_stack /usr/local/lib/node_modules/npm/node_modules/mkdirp/index.js:46:53
54 verbose fstream_stack FSReqWrap.oncomplete (fs.js:95:15)
55 verbose cwd /Applications/XAMPP/xamppfiles/htdocs/git/embase
56 error Darwin 14.3.0
57 error argv "node" "/usr/local/bin/npm" "install" "jade" "-g"
58 error node v0.12.2
59 error npm  v2.7.4
60 error path /usr/local/lib/node_modules/jade
61 error code EACCES
62 error errno -13
63 error Error: EACCES, mkdir '/usr/local/lib/node_modules/jade'
63 error     at Error (native)
63 error  { [Error: EACCES, mkdir '/usr/local/lib/node_modules/jade']
63 error   errno: -13,
63 error   code: 'EACCES',
63 error   path: '/usr/local/lib/node_modules/jade',
63 error   fstream_type: 'Directory',
63 error   fstream_path: '/usr/local/lib/node_modules/jade',
63 error   fstream_class: 'DirWriter',
63 error   fstream_stack:
63 error    [ '/usr/local/lib/node_modules/npm/node_modules/fstream/lib/dir-writer.js:36:23',
63 error      '/usr/local/lib/node_modules/npm/node_modules/mkdirp/index.js:46:53',
63 error      'FSReqWrap.oncomplete (fs.js:95:15)' ] }
64 error Please try running this command again as root/Administrator.
65 verbose exit [ -13, true ]
66 verbose unbuild lib/node_modules/jade
67 silly gentlyRm /usr/local/lib/node_modules/jade is being purged from base /usr/local
68 verbose gentlyRm don't care about contents; nuking /usr/local/lib/node_modules/jade
